C51 COMPILER V9.59.0.0   BH1750                                                            02/22/2021 09:39:58 PAGE 1   


C51 COMPILER V9.59.0.0, COMPILATION OF MODULE BH1750
OBJECT MODULE PLACED IN .\Objects\bh1750.obj
COMPILER INVOKED BY: C:\Keil_v5\C51\BIN\C51.EXE ..\Hardware\src\bh1750.c OPTIMIZE(8,SPEED) BROWSE INCDIR(..\App\inc;..\H
                    -ardware\inc) DEBUG OBJECTEXTEND PRINT(.\Listings\bh1750.lst) OBJECT(.\Objects\bh1750.obj)

line level    source

   1          #include "bh1750.h"
   2          #include "iic.h"
   3          
   4          //畇寧몸츱즈
   5          static void BH1750_WriteByte(uint8_t dat) 
   6          {
   7   1              IIC_Start();
   8   1              IIC_WriteByte(BH1750_ADDRESS);
   9   1              IIC_Ack();
  10   1              IIC_WriteByte(dat);
  11   1              IIC_Ack();
  12   1              IIC_Stop();
  13   1      }
  14          
  15          //BH1750놓迦뺏
  16          void BH1750_Init(void) 
  17          {
  18   1              BH1750_WriteByte(POWER_ON);
  19   1              BH1750_WriteByte(RESET);
  20   1              BH1750_WriteByte(CONT_H);
  21   1      }
  22          
  23          //뗍혤밟亮퓻똑
  24          uint16_t BH1750_GetValue(void) 
  25          {
  26   1              uint16_t val = 0;
  27   1              uint8_t h, l;
  28   1              IIC_Start();
  29   1              IIC_WriteByte(BH1750_ADDRESS + 1);
  30   1              IIC_Ack();
  31   1              h = IIC_ReadByte();
  32   1              IIC_SendAck(0);
  33   1              l = IIC_ReadByte();
  34   1              IIC_Stop();
  35   1              val = (h << 8) | l;
  36   1              return val;
  37   1      }


MODULE INFORMATION:   STATIC OVERLAYABLE
   CODE SIZE        =     78    ----
   CONSTANT SIZE    =   ----    ----
   XDATA SIZE       =   ----    ----
   PDATA SIZE       =   ----    ----
   DATA SIZE        =   ----       3
   IDATA SIZE       =   ----    ----
   BIT SIZE         =   ----    ----
END OF MODULE INFORMATION.


C51 COMPILATION COMPLETE.  0 WARNING(S),  0 ERROR(S)
