C51 COMPILER V9.59.0.0   KEY                                                               02/23/2021 22:43:51 PAGE 1   


C51 COMPILER V9.59.0.0, COMPILATION OF MODULE KEY
OBJECT MODULE PLACED IN .\Objects\key.obj
COMPILER INVOKED BY: C:\Keil_v5\C51\BIN\C51.EXE ..\Hardware\src\key.c OPTIMIZE(8,SPEED) BROWSE INCDIR(..\App\inc;..\Hard
                    -ware\inc) DEBUG OBJECTEXTEND PRINT(.\Listings\key.lst) OBJECT(.\Objects\key.obj)

line level    source

   1          #include "key.h"
   2          
   3          volatile uint8_t Trg = 0, Cont = 0, Release = 0;
   4          
   5          void Key_Read(void) {
   6   1              uint8_t dat = P3 ^ 0xff;
   7   1              Trg = dat & (dat ^ Cont);
   8   1              Release = dat ^ Trg ^ Cont;
   9   1              Cont = dat;
  10   1      }
  11          
  12          KeyType Key_Scan(KeyStruct *p) {
  13   1              KeyType type = 0;
  14   1              switch (p->state) {
  15   2                      case KEY_IDLE_STATE:
  16   2                              if (p->key & Trg) {
  17   3                                      type = KEY_DOWN;
  18   3                                      p->state = KEY_PRESS_STATE;
  19   3                                      p->count = 0;
  20   3                              }
  21   2                              break;
  22   2                      case KEY_PRESS_STATE:
  23   2                              if (p->key & Cont) {
  24   3                                      p->count++;
  25   3                                      if (p->count >= LONG_CLICK_PERIOD) {
  26   4                                              type = KEY_LONG_CLICK;
  27   4                                              p->state = KEY_LONG_STATE;
  28   4                                              p->count = 0;
  29   4                                      }
  30   3                              }
  31   2                              else {
  32   3                                      if (p->count < SHORT_CLICK_PERIOD) {
  33   4                                              type = KEY_UP;
  34   4                                              p->state = KEY_IDLE_STATE;
  35   4                                      }
  36   3                                      else {
  37   4                                              p->state = KEY_RELEASE_STATE;
  38   4                                              p->count = 0;
  39   4                                      }
  40   3                              }
  41   2                              break;
  42   2                      case KEY_RELEASE_STATE:
  43   2                              if (p->key & Trg) {
  44   3                                      type = KEY_DOUBLE_CLICK;
  45   3                                      p->state = KEY_DOUBLE_STATE;
  46   3                              }
  47   2                              else {
  48   3                                      p->count++;
  49   3                                      if (p->count > DOUBLE_CLICK_PERIOD) {
  50   4                                              type = KEY_SHORT_CLICK;
  51   4                                              p->state = KEY_IDLE_STATE;
  52   4                                      }
  53   3                              }
  54   2                              break;
C51 COMPILER V9.59.0.0   KEY                                                               02/23/2021 22:43:51 PAGE 2   

  55   2                      case KEY_DOUBLE_STATE:
  56   2                              if (p->key & Release) {
  57   3                                      type = KEY_UP;
  58   3                                      p->state = KEY_IDLE_STATE;
  59   3                              }
  60   2                              break;
  61   2                      case KEY_LONG_STATE:
  62   2                              if (p->key & Release) {
  63   3                                      type = KEY_UP;
  64   3                                      p->state = KEY_IDLE_STATE;
  65   3                              }
  66   2                              else {
  67   3                                      p->count++;
  68   3                                      if (p->count >= LONG_AUTO_PERIOD) {
  69   4                                              p->count = 0;
  70   4                                              type = KEY_LONG_ACUM;
  71   4                                      }
  72   3                              }
  73   2                              break;
  74   2              }
  75   1              return type;
  76   1      }


MODULE INFORMATION:   STATIC OVERLAYABLE
   CODE SIZE        =    261    ----
   CONSTANT SIZE    =   ----    ----
   XDATA SIZE       =   ----    ----
   PDATA SIZE       =   ----    ----
   DATA SIZE        =      3    ----
   IDATA SIZE       =   ----    ----
   BIT SIZE         =   ----    ----
END OF MODULE INFORMATION.


C51 COMPILATION COMPLETE.  0 WARNING(S),  0 ERROR(S)
