C51 COMPILER V9.59.0.0   MAIN                                                              02/24/2021 20:17:06 PAGE 1   


C51 COMPILER V9.59.0.0, COMPILATION OF MODULE MAIN
OBJECT MODULE PLACED IN .\Objects\main.obj
COMPILER INVOKED BY: C:\Keil_v5\C51\BIN\C51.EXE ..\App\src\main.c OPTIMIZE(8,SPEED) BROWSE INCDIR(..\App\inc;..\Hardware
                    -\inc) DEBUG OBJECTEXTEND PRINT(.\Listings\main.lst) OBJECT(.\Objects\main.obj)

line level    source

   1          #include "main.h"
   2          
   3          KeyStruct  keyStr = {KEY_IDLE_STATE, 0, KEY};
   4          
   5          //硬件初始化
   6          void HardwareInit(void)
   7          {
   8   1              Uart_Init();                                                    //串口初始化
   9   1              Timer0_Init();                                                  //定时器初始化
  10   1              EA = 1;                                                                 //开启中断
  11   1      }
  12          
  13          void main(void)
  14          {
  15   1              uint8_t buf[32], id = 0;
  16   1              uint16_t bufLen;
  17   1              HardwareInit();                                                 //硬件初始化
  18   1              while (1) 
  19   1              {
  20   2                      Key_Read();
  21   2                      switch (Key_Scan(&keyStr)) 
  22   2                      {
  23   3                              case KEY_LONG_CLICK:                    //长按红外学习
  24   3                                      bufLen = IR_Learn_Pack(buf, id);
  25   3                                      Uart_Send(buf, bufLen);
  26   3                                      break;
  27   3                              case KEY_SHORT_CLICK:                   //单击或双击红外发射
  28   3                              case KEY_DOUBLE_CLICK:
  29   3                                      bufLen = IR_Send_Pack(buf, id);
  30   3                                      Uart_Send(buf, bufLen);
  31   3                                      break;
  32   3                              default:
  33   3                                      break;
  34   3                      }
  35   2                      delay_ms(10);                                           //延时10毫秒
  36   2              }
  37   1      }


MODULE INFORMATION:   STATIC OVERLAYABLE
   CODE SIZE        =     92    ----
   CONSTANT SIZE    =   ----    ----
   XDATA SIZE       =   ----    ----
   PDATA SIZE       =   ----    ----
   DATA SIZE        =      3      35
   IDATA SIZE       =   ----    ----
   BIT SIZE         =   ----    ----
END OF MODULE INFORMATION.


C51 COMPILATION COMPLETE.  0 WARNING(S),  0 ERROR(S)
