C51 COMPILER V9.59.0.0   UART                                                              02/23/2021 22:50:54 PAGE 1   


C51 COMPILER V9.59.0.0, COMPILATION OF MODULE UART
OBJECT MODULE PLACED IN .\Objects\uart.obj
COMPILER INVOKED BY: C:\Keil_v5\C51\BIN\C51.EXE ..\Hardware\src\uart.c OPTIMIZE(8,SPEED) BROWSE INCDIR(..\App\inc;..\Har
                    -dware\inc) DEBUG OBJECTEXTEND PRINT(.\Listings\uart.lst) OBJECT(.\Objects\uart.obj)

line level    source

   1          #include "uart.h"
   2          
   3          //串口初始化
   4          void Uart_Init(void)
   5          {
   6   1              TMOD &= 0x0f;
   7   1              TMOD |= 0X20;                   //设置计数器工作方式2
   8   1              PCON |= 0x80;                   //波特率加倍
   9   1              SCON = 0X50;                    //设置为工作方式1
  10   1              TH1 = TC_VAL; 
  11   1              TL1 = TH1; 
  12   1              TR1 = 1;                                //打开计数器                      
  13   1      }
  14          
  15          //串口多字节数据发送
  16          void Uart_Send(uint8_t *dat, uint16_t len) 
  17          {
  18   1              uint16_t i;
  19   1              for (i = 0; i < len; i++)
  20   1              {
  21   2                      printf("%c", dat[i]);
  22   2              }
  23   1      }
  24                  
  25          char putchar(char c) 
  26          {             
  27   1          SBUF = c;        
  28   1          while(TI == 0);        
  29   1          TI = 0;            
  30   1          return c;
  31   1      }
  32          
  33          


MODULE INFORMATION:   STATIC OVERLAYABLE
   CODE SIZE        =     92    ----
   CONSTANT SIZE    =      3    ----
   XDATA SIZE       =   ----    ----
   PDATA SIZE       =   ----    ----
   DATA SIZE        =   ----       7
   IDATA SIZE       =   ----    ----
   BIT SIZE         =   ----    ----
END OF MODULE INFORMATION.


C51 COMPILATION COMPLETE.  0 WARNING(S),  0 ERROR(S)
